\BOOKMARK [0][-]{chapter*.1}{File ARchive Kit \(FARK\)met.no, 2018}{}% 1
\BOOKMARK [1][-]{section*.2}{Introduction}{chapter*.1}% 2
\BOOKMARK [2][-]{section*.2}{FARK production}{chapter*.1}% 3
\BOOKMARK [1][-]{section*.2}{Web interface}{chapter*.1}% 4
\BOOKMARK [2][-]{section*.3}{Buttons}{section*.2}% 5
\BOOKMARK [2][-]{section*.3}{Model tab}{section*.2}% 6
\BOOKMARK [2][-]{section*.3}{Observation tab}{section*.2}% 7
\BOOKMARK [2][-]{section*.3}{Colocation tab}{section*.2}% 8
\BOOKMARK [2][-]{lstnumber.-1.1}{Plot tab}{section*.2}% 9
\BOOKMARK [2][-]{lstnumber.-1.1}{Auto tab}{section*.2}% 10
\BOOKMARK [1][-]{lstnumber.-1.1}{Performance}{chapter*.1}% 11
\BOOKMARK [1][-]{lstnumber.-1.1}{Appendix}{chapter*.1}% 12
\BOOKMARK [2][-]{section*.4}{NetCDF model files}{lstnumber.-1.1}% 13
\BOOKMARK [2][-]{section*.4}{BUFR observation files}{lstnumber.-1.1}% 14
\BOOKMARK [2][-]{section*.4}{BUFR sequence}{lstnumber.-1.1}% 15
\BOOKMARK [2][-]{section*.4}{Delayed replicator}{lstnumber.-1.1}% 16
\BOOKMARK [1][-]{section*.4}{HOW TO...}{chapter*.1}% 17
\BOOKMARK [2][-]{section*.5}{Create a model index}{section*.4}% 18
\BOOKMARK [2][-]{section*.5}{Create an observation index}{section*.4}% 19
\BOOKMARK [2][-]{section*.5}{Examples}{section*.4}% 20
